#
# A fatal error has been detected by the Java Runtime Environment:
#
#  EXCEPTION_ACCESS_VIOLATION (0xc0000005) at pc=0x00007ffa4f1d49f1, pid=9352, tid=7268
#
# JRE version: OpenJDK Runtime Environment (11.0.13) (build 11.0.13+0-b1751.21-8125866)
# Java VM: OpenJDK 64-Bit Server VM (11.0.13+0-b1751.21-8125866, mixed mode, tiered, compressed oops, g1 gc, windows-amd64)
# Problematic frame:
# V  [jvm.dll+0x6649f1]
#
# No core dump will be written. Minidumps are not enabled by default on client versions of Windows
#
# If you would like to submit a bug report, please visit:
#   https://bugreport.java.com/bugreport/crash.jsp
#

---------------  S U M M A R Y ------------

Command Line: --add-opens=java.base/java.util=ALL-UNNAMED --add-opens=java.base/java.lang=ALL-UNNAMED --add-opens=java.base/java.lang.invoke=ALL-UNNAMED --add-opens=java.base/java.util=ALL-UNNAMED --add-opens=java.prefs/java.util.prefs=ALL-UNNAMED --add-opens=java.prefs/java.util.prefs=ALL-UNNAMED --add-opens=java.base/java.nio.charset=ALL-UNNAMED --add-opens=java.base/java.net=ALL-UNNAMED --add-opens=java.base/java.util.concurrent.atomic=ALL-UNNAMED -Xmx2048m -Dfile.encoding=UTF-8 -Duser.country=US -Duser.language=en -Duser.variant org.gradle.launcher.daemon.bootstrap.GradleDaemon 7.4

Host: Intel(R) Core(TM) i5-2520M CPU @ 2.50GHz, 4 cores, 7G,  Windows 10 , 64 bit Build 19041 (10.0.19041.2788)
Time: Thu May  4 12:42:53 2023 Iran Daylight Time elapsed time: 12.857844 seconds (0d 0h 0m 12s)

---------------  T H R E A D  ---------------

Current thread (0x00000218a23b1000):  JavaThread "C2 CompilerThread0" daemon [_thread_in_native, id=7268, stack(0x000000adf5e00000,0x000000adf5f00000)]


Current CompileTask:
C2:  12858 2028   !   4       java.lang.ClassLoader::loadClass (122 bytes)

Stack: [0x000000adf5e00000,0x000000adf5f00000],  sp=0x000000adf5efbad0,  free space=1006k
Native frames: (J=compiled Java code, j=interpreted, Vv=VM code, C=native code)
V  [jvm.dll+0x6649f1]
V  [jvm.dll+0x19d8b0]
V  [jvm.dll+0x2033be]
V  [jvm.dll+0x202437]
V  [jvm.dll+0x188e01]
V  [jvm.dll+0x21106b]
V  [jvm.dll+0x20f8c1]
V  [jvm.dll+0x70de0f]
V  [jvm.dll+0x706a75]
V  [jvm.dll+0x60ed66]
C  [ucrtbase.dll+0x21bb2]
C  [KERNEL32.DLL+0x17604]
C  [ntdll.dll+0x526a1]


siginfo: EXCEPTION_ACCESS_VIOLATION (0xc0000005), reading address 0x00007dfa4f598a18


Register to memory mapping:

RIP=0x00007ffa4f1d49f1 jvm.dll
RAX=0x00007dfa4f598a10 is an unknown value
RBX=0x00000218a5ff06d0 points into unknown readable memory: 0x00007ffa4f339f08 | 08 9f 33 4f fa 7f 00 00
RCX=0x00000218a460dfc0 points into unknown readable memory: 0x0000000000000000 | 00 00 00 00 00 00 00 00
RDX=0x0000000000029ae0 is an unknown value
RSP=0x000000adf5efbad0 is pointing into the stack for thread: 0x00000218a23b1000
RBP=0x000000adf5efbbd0 is pointing into the stack for thread: 0x00000218a23b1000
RSI=0x00000218a5ff0788 points into unknown readable memory: 0x00007ffa4f382d48 | 48 2d 38 4f fa 7f 00 00
RDI=0x0000000000000001 is an unknown value
R8 =0x000000000000000d is an unknown value
R9 =0x0000000000000002 is an unknown value
R10=0x0 is NULL
R11=0x0000000000000008 is an unknown value
R12=0x0 is NULL
R13=0x00000218a5ff0798 points into unknown readable memory: 0x000000adf5efea40 | 40 ea ef f5 ad 00 00 00
R14=0x000000adf5efc350 is pointing into the stack for thread: 0x00000218a23b1000
R15=0x000000adf5efc350 is pointing into the stack for thread: 0x00000218a23b1000


Registers:
RAX=0x00007dfa4f598a10, RBX=0x00000218a5ff06d0, RCX=0x00000218a460dfc0, RDX=0x0000000000029ae0
RSP=0x000000adf5efbad0, RBP=0x000000adf5efbbd0, RSI=0x00000218a5ff0788, RDI=0x0000000000000001
R8 =0x000000000000000d, R9 =0x0000000000000002, R10=0x0000000000000000, R11=0x0000000000000008
R12=0x0000000000000000, R13=0x00000218a5ff0798, R14=0x000000adf5efc350, R15=0x000000adf5efc350
RIP=0x00007ffa4f1d49f1, EFLAGS=0x0000000000010202

Top of Stack: (sp=0x000000adf5efbad0)
0x000000adf5efbad0:   00000218a57635b0 00000218a3dd41c0
0x000000adf5efbae0:   0000000000000004 00000218a528bd88
0x000000adf5efbaf0:   00007ffa00001dbf 00000218a59d62f0
0x000000adf5efbb00:   00000218a5784950 000000adf5efbd00
0x000000adf5efbb10:   0000000000000001 000000adf5efbdc0
0x000000adf5efbb20:   0000021800000000 00007ffaaeee2d1e
0x000000adf5efbb30:   0000021800000001 00000218a5ff0788
0x000000adf5efbb40:   000007b300000001 0000000000000000
0x000000adf5efbb50:   0000000100000008 fffffde75a6297c0
0x000000adf5efbb60:   0000000000000000 00000218a5ff06d0
0x000000adf5efbb70:   00000218a7a07050 0000000000000020
0x000000adf5efbb80:   00000218a5ff0798 0000000000000125
0x000000adf5efbb90:   00000218a59d6840 00001d6600000000
0x000000adf5efbba0:   000000adf5efc090 00007ffa00000014
0x000000adf5efbbb0:   00000218a59bcb10 00000218a5784950
0x000000adf5efbbc0:   0000000000000000 00000218a577faf0 

Instructions: (pc=0x00007ffa4f1d49f1)
0x00007ffa4f1d48f1:   0f 87 04 02 00 00 b9 68 00 00 00 e8 df 76 9a ff
0x00007ffa4f1d4901:   48 85 c0 74 18 4c 8b ce 48 89 5c 24 20 4d 8b c6
0x00007ffa4f1d4911:   ba 07 00 00 00 48 8b c8 e8 12 85 b3 ff 8b 55 90
0x00007ffa4f1d4921:   4c 8b c0 49 8b cc 48 8b f8 e8 51 2b a2 ff 8b 95
0x00007ffa4f1d4931:   38 03 00 00 4c 8b cf 48 8b 74 24 68 44 8b c2 49
0x00007ffa4f1d4941:   89 5c 24 48 ff c2 8b 85 28 03 00 00 8b c8 89 95
0x00007ffa4f1d4951:   38 03 00 00 ff c0 89 4c 24 20 48 8b d6 49 8b cf
0x00007ffa4f1d4961:   89 85 28 03 00 00 e8 14 0a 00 00 8b 85 38 03 00
0x00007ffa4f1d4971:   00 4c 8d 6e 10 ff c0 89 85 38 03 00 00 e9 cd e8
0x00007ffa4f1d4981:   ff ff 4c 8b 6d b0 48 8b 74 24 68 8b 85 38 03 00
0x00007ffa4f1d4991:   00 ff c0 89 85 38 03 00 00 e9 b1 e8 ff ff 44 8b
0x00007ffa4f1d49a1:   5d 80 45 8b d4 4c 8b b5 20 03 00 00 45 85 db 74
0x00007ffa4f1d49b1:   60 48 8b 45 40 49 63 ca 44 8b 04 88 8b 46 4c 41
0x00007ffa4f1d49c1:   8b f8 ff c8 48 c1 ef 08 45 8b c8 41 83 e0 1f 49
0x00007ffa4f1d49d1:   c1 e9 05 41 83 e1 07 48 8d 14 80 49 8b 46 68 48
0x00007ffa4f1d49e1:   c1 e2 05 48 8b 48 10 48 8b 44 0a 08 48 8b 04 f8
0x00007ffa4f1d49f1:   42 8b 04 88 44 0f a3 c0 48 8b 45 c0 72 03 4c 89
0x00007ffa4f1d4a01:   20 48 83 c0 08 41 ff c2 48 89 45 c0 45 3b d3 72
0x00007ffa4f1d4a11:   a0 8b 4d b8 49 8b 56 48 ff c1 89 4d b8 3b 4a 40
0x00007ffa4f1d4a21:   0f 82 f9 e1 ff ff 48 8b 5d 50 41 8b fc 83 7b 18
0x00007ffa4f1d4a31:   00 76 32 0f 1f 40 00 0f 1f 84 00 00 00 00 00 48
0x00007ffa4f1d4a41:   8b 43 10 44 8b 85 28 03 00 00 8b cf 48 8b 14 c8
0x00007ffa4f1d4a51:   49 8b ce ff 85 28 03 00 00 e8 71 c0 b3 ff ff c7
0x00007ffa4f1d4a61:   3b 7b 18 72 da 8b 85 28 03 00 00 48 8b 55 48 89
0x00007ffa4f1d4a71:   45 10 41 8b c4 89 45 90 83 7a 18 00 0f 86 95 03
0x00007ffa4f1d4a81:   00 00 44 8b 85 28 03 00 00 8b c8 48 8b 42 10 48
0x00007ffa4f1d4a91:   8b 34 c8 49 8b 46 48 48 89 75 88 8b 56 28 48 8b
0x00007ffa4f1d4aa1:   48 78 49 8b 86 28 01 00 00 4c 8b 2c d1 48 63 ca
0x00007ffa4f1d4ab1:   48 8b d6 4c 89 6d 08 8b 1c 88 49 8b ce 48 8b 45
0x00007ffa4f1d4ac1:   20 8b 3c 98 ff 85 28 03 00 00 89 bd 38 03 00 00
0x00007ffa4f1d4ad1:   e8 fa bf b3 ff 48 8b 45 60 44 8b ff 41 8b 4d 4c
0x00007ffa4f1d4ae1:   48 89 7d f0 48 8b 14 f8 8b c1 c1 e8 05 3b 42 10 


Stack slot to memory mapping:
stack at sp + 0 slots: 0x00000218a57635b0 points into unknown readable memory: 0x00007ffa4f37e640 | 40 e6 37 4f fa 7f 00 00
stack at sp + 1 slots: 0x00000218a3dd41c0 points into unknown readable memory: 0x00007ffa4f310588 | 88 05 31 4f fa 7f 00 00
stack at sp + 2 slots: 0x0000000000000004 is an unknown value
stack at sp + 3 slots: 0x00000218a528bd88 points into unknown readable memory: 0x00007ffa4f418b00 | 00 8b 41 4f fa 7f 00 00
stack at sp + 4 slots: 0x00007ffa00001dbf is an unknown value
stack at sp + 5 slots: 0x00000218a59d62f0 points into unknown readable memory: 0x0000000000000000 | 00 00 00 00 00 00 00 00
stack at sp + 6 slots: 0x00000218a5784950 points into unknown readable memory: 0x0000000000000000 | 00 00 00 00 00 00 00 00
stack at sp + 7 slots: 0x000000adf5efbd00 is pointing into the stack for thread: 0x00000218a23b1000


---------------  P R O C E S S  ---------------

Threads class SMR info:
_java_thread_list=0x00000218a31bb4b0, length=23, elements={
0x000002188877c800, 0x00000218a2392000, 0x00000218a2393000, 0x00000218a2d23800,
0x00000218a23ac000, 0x00000218a23ad000, 0x00000218a23b1000, 0x00000218a23b2800,
0x00000218a23dd000, 0x00000218a2e71000, 0x00000218a3e8d000, 0x00000218a40f3800,
0x00000218a4d00000, 0x00000218a4fad000, 0x00000218a539e800, 0x00000218a5e37800,
0x00000218a3aca800, 0x00000218a4267800, 0x00000218a5a80800, 0x00000218a5bfe800,
0x00000218a3393000, 0x00000218a3397000, 0x00000218a3392000
}

Java Threads: ( => current thread )
  0x000002188877c800 JavaThread "main" [_thread_blocked, id=7264, stack(0x000000adf5100000,0x000000adf5200000)]
  0x00000218a2392000 JavaThread "Reference Handler" daemon [_thread_blocked, id=4684, stack(0x000000adf5800000,0x000000adf5900000)]
  0x00000218a2393000 JavaThread "Finalizer" daemon [_thread_blocked, id=1252, stack(0x000000adf5900000,0x000000adf5a00000)]
  0x00000218a2d23800 JavaThread "Signal Dispatcher" daemon [_thread_blocked, id=3364, stack(0x000000adf5b00000,0x000000adf5c00000)]
  0x00000218a23ac000 JavaThread "Attach Listener" daemon [_thread_blocked, id=8348, stack(0x000000adf5c00000,0x000000adf5d00000)]
  0x00000218a23ad000 JavaThread "Service Thread" daemon [_thread_blocked, id=10932, stack(0x000000adf5d00000,0x000000adf5e00000)]
=>0x00000218a23b1000 JavaThread "C2 CompilerThread0" daemon [_thread_in_native, id=7268, stack(0x000000adf5e00000,0x000000adf5f00000)]
  0x00000218a23b2800 JavaThread "C1 CompilerThread0" daemon [_thread_blocked, id=860, stack(0x000000adf5f00000,0x000000adf6000000)]
  0x00000218a23dd000 JavaThread "Sweeper thread" daemon [_thread_blocked, id=8496, stack(0x000000adf6000000,0x000000adf6100000)]
  0x00000218a2e71000 JavaThread "Common-Cleaner" daemon [_thread_blocked, id=1980, stack(0x000000adf6100000,0x000000adf6200000)]
  0x00000218a3e8d000 JavaThread "Daemon health stats" [_thread_blocked, id=1224, stack(0x000000adf6300000,0x000000adf6400000)]
  0x00000218a40f3800 JavaThread "Incoming local TCP Connector on port 49956" [_thread_in_native, id=7108, stack(0x000000adf6600000,0x000000adf6700000)]
  0x00000218a4d00000 JavaThread "Daemon periodic checks" [_thread_blocked, id=3184, stack(0x000000adf6700000,0x000000adf6800000)]
  0x00000218a4fad000 JavaThread "Daemon" [_thread_blocked, id=7084, stack(0x000000adf6800000,0x000000adf6900000)]
  0x00000218a539e800 JavaThread "Handler for socket connection from /127.0.0.1:49956 to /127.0.0.1:49966" [_thread_in_native, id=1948, stack(0x000000adf6900000,0x000000adf6a00000)]
  0x00000218a5e37800 JavaThread "Cancel handler" [_thread_blocked, id=2724, stack(0x000000adf6b00000,0x000000adf6c00000)]
  0x00000218a3aca800 JavaThread "Daemon worker" [_thread_in_vm, id=2736, stack(0x000000adf6c00000,0x000000adf6d00000)]
  0x00000218a4267800 JavaThread "Asynchronous log dispatcher for DefaultDaemonConnection: socket connection from /127.0.0.1:49956 to /127.0.0.1:49966" [_thread_blocked, id=10644, stack(0x000000adf6d00000,0x000000adf6e00000)]
  0x00000218a5a80800 JavaThread "Stdin handler" [_thread_blocked, id=3040, stack(0x000000adf6e00000,0x000000adf6f00000)]
  0x00000218a5bfe800 JavaThread "Daemon client event forwarder" [_thread_blocked, id=3296, stack(0x000000adf6f00000,0x000000adf7000000)]
  0x00000218a3393000 JavaThread "Cache worker for journal cache (C:\Users\Jahad\.gradle\caches\journal-1)" [_thread_blocked, id=3340, stack(0x000000adf7000000,0x000000adf7100000)]
  0x00000218a3397000 JavaThread "File lock request listener" [_thread_in_native, id=10748, stack(0x000000adf7100000,0x000000adf7200000)]
  0x00000218a3392000 JavaThread "Cache worker for file hash cache (C:\Users\Jahad\.gradle\caches\7.4\fileHashes)" [_thread_blocked, id=3356, stack(0x000000adf7200000,0x000000adf7300000)]

Other Threads:
  0x00000218a238f800 VMThread "VM Thread" [stack: 0x000000adf5700000,0x000000adf5800000] [id=1444]
  0x00000218a2e92800 WatcherThread [stack: 0x000000adf6200000,0x000000adf6300000] [id=8176]
  0x0000021888796000 GCTaskThread "GC Thread#0" [stack: 0x000000adf5200000,0x000000adf5300000] [id=8044]
  0x00000218a3283000 GCTaskThread "GC Thread#1" [stack: 0x000000adf6400000,0x000000adf6500000] [id=10512]
  0x00000218a321d000 GCTaskThread "GC Thread#2" [stack: 0x000000adf6500000,0x000000adf6600000] [id=10544]
  0x00000218a4e0e000 GCTaskThread "GC Thread#3" [stack: 0x000000adf6a00000,0x000000adf6b00000] [id=1804]
  0x00000218887c5800 ConcurrentGCThread "G1 Main Marker" [stack: 0x000000adf5300000,0x000000adf5400000] [id=8924]
  0x00000218887c8000 ConcurrentGCThread "G1 Conc#0" [stack: 0x000000adf5400000,0x000000adf5500000] [id=9448]
  0x0000021888859000 ConcurrentGCThread "G1 Refine#0" [stack: 0x000000adf5500000,0x000000adf5600000] [id=2700]
  0x000002188885a000 ConcurrentGCThread "G1 Young RemSet Sampling" [stack: 0x000000adf5600000,0x000000adf5700000] [id=7392]

Threads with active compile tasks:
C2 CompilerThread0  12952 2028   !   4       java.lang.ClassLoader::loadClass (122 bytes)

VM state:not at safepoint (normal execution)

VM Mutex/Monitor currently owned by a thread: None

Heap address: 0x0000000080000000, size: 2048 MB, Compressed Oops mode: 32-bit
Narrow klass base: 0x0000000000000000, Narrow klass shift: 3
Compressed class space size: 1073741824 Address: 0x0000000100000000

Heap:
 garbage-first heap   total 131072K, used 28010K [0x0000000080000000, 0x0000000100000000)
  region size 1024K, 14 young (14336K), 2 survivors (2048K)
 Metaspace       used 22286K, capacity 22823K, committed 23216K, reserved 1069056K
  class space    used 2754K, capacity 2947K, committed 3072K, reserved 1048576K
Heap Regions: E=young(eden), S=young(survivor), O=old, HS=humongous(starts), HC=humongous(continues), CS=collection set, F=free, A=archive, TAMS=top-at-mark-start (previous, next)
|   0|0x0000000080000000, 0x0000000080100000, 0x0000000080100000|100%|HS|  |TAMS 0x0000000080100000, 0x0000000080000000| Complete 
|   1|0x0000000080100000, 0x0000000080200000, 0x0000000080200000|100%|HC|  |TAMS 0x0000000080200000, 0x0000000080100000| Complete 
|   2|0x0000000080200000, 0x0000000080300000, 0x0000000080300000|100%|HC|  |TAMS 0x0000000080300000, 0x0000000080200000| Complete 
|   3|0x0000000080300000, 0x0000000080400000, 0x0000000080400000|100%| O|  |TAMS 0x0000000080400000, 0x0000000080300000| Untracked 
|   4|0x0000000080400000, 0x0000000080500000, 0x0000000080500000|100%| O|  |TAMS 0x0000000080500000, 0x0000000080400000| Untracked 
|   5|0x0000000080500000, 0x0000000080600000, 0x0000000080600000|100%| O|  |TAMS 0x0000000080600000, 0x0000000080500000| Untracked 
|   6|0x0000000080600000, 0x0000000080700000, 0x0000000080700000|100%| O|  |TAMS 0x0000000080700000, 0x0000000080600000| Untracked 
|   7|0x0000000080700000, 0x0000000080800000, 0x0000000080800000|100%| O|  |TAMS 0x0000000080800000, 0x0000000080700000| Untracked 
|   8|0x0000000080800000, 0x0000000080900000, 0x0000000080900000|100%| O|  |TAMS 0x0000000080900000, 0x0000000080800000| Untracked 
|   9|0x0000000080900000, 0x0000000080a00000, 0x0000000080a00000|100%| O|  |TAMS 0x0000000080a00000, 0x0000000080900000| Untracked 
|  10|0x0000000080a00000, 0x0000000080b00000, 0x0000000080b00000|100%| O|  |TAMS 0x0000000080b00000, 0x0000000080a00000| Untracked 
|  11|0x0000000080b00000, 0x0000000080c00000, 0x0000000080c00000|100%| O|  |TAMS 0x0000000080c00000, 0x0000000080b00000| Untracked 
|  12|0x0000000080c00000, 0x0000000080d00000, 0x0000000080d00000|100%| O|  |TAMS 0x0000000080d00000, 0x0000000080c00000| Untracked 
|  13|0x0000000080d00000, 0x0000000080e00000, 0x0000000080e00000|100%| O|  |TAMS 0x0000000080e00000, 0x0000000080d00000| Untracked 
|  14|0x0000000080e00000, 0x0000000080eb8600, 0x0000000080f00000| 72%| O|  |TAMS 0x0000000080eb8600, 0x0000000080e00000| Untracked 
|  15|0x0000000080f00000, 0x0000000080f00000, 0x0000000081000000|  0%| F|  |TAMS 0x0000000080f00000, 0x0000000080f00000| Untracked 
|  16|0x0000000081000000, 0x0000000081000000, 0x0000000081100000|  0%| F|  |TAMS 0x0000000081000000, 0x0000000081000000| Untracked 
|  17|0x0000000081100000, 0x0000000081100000, 0x0000000081200000|  0%| F|  |TAMS 0x0000000081100000, 0x0000000081100000| Untracked 
|  18|0x0000000081200000, 0x0000000081200000, 0x0000000081300000|  0%| F|  |TAMS 0x0000000081200000, 0x0000000081200000| Untracked 
|  19|0x0000000081300000, 0x0000000081300000, 0x0000000081400000|  0%| F|  |TAMS 0x0000000081300000, 0x0000000081300000| Untracked 
|  20|0x0000000081400000, 0x0000000081400000, 0x0000000081500000|  0%| F|  |TAMS 0x0000000081400000, 0x0000000081400000| Untracked 
|  21|0x0000000081500000, 0x0000000081500000, 0x0000000081600000|  0%| F|  |TAMS 0x0000000081500000, 0x0000000081500000| Untracked 
|  22|0x0000000081600000, 0x0000000081600000, 0x0000000081700000|  0%| F|  |TAMS 0x0000000081600000, 0x0000000081600000| Untracked 
|  23|0x0000000081700000, 0x0000000081700000, 0x0000000081800000|  0%| F|  |TAMS 0x0000000081700000, 0x0000000081700000| Untracked 
|  24|0x0000000081800000, 0x0000000081800000, 0x0000000081900000|  0%| F|  |TAMS 0x0000000081800000, 0x0000000081800000| Untracked 
|  25|0x0000000081900000, 0x0000000081900000, 0x0000000081a00000|  0%| F|  |TAMS 0x0000000081900000, 0x0000000081900000| Untracked 
|  26|0x0000000081a00000, 0x0000000081a00000, 0x0000000081b00000|  0%| F|  |TAMS 0x0000000081a00000, 0x0000000081a00000| Untracked 
|  27|0x0000000081b00000, 0x0000000081b00000, 0x0000000081c00000|  0%| F|  |TAMS 0x0000000081b00000, 0x0000000081b00000| Untracked 
|  28|0x0000000081c00000, 0x0000000081c00000, 0x0000000081d00000|  0%| F|  |TAMS 0x0000000081c00000, 0x0000000081c00000| Untracked 
|  29|0x0000000081d00000, 0x0000000081d00000, 0x0000000081e00000|  0%| F|  |TAMS 0x0000000081d00000, 0x0000000081d00000| Untracked 
|  30|0x0000000081e00000, 0x0000000081e00000, 0x0000000081f00000|  0%| F|  |TAMS 0x0000000081e00000, 0x0000000081e00000| Untracked 
|  31|0x0000000081f00000, 0x0000000081f00000, 0x0000000082000000|  0%| F|  |TAMS 0x0000000081f00000, 0x0000000081f00000| Untracked 
|  32|0x0000000082000000, 0x0000000082000000, 0x0000000082100000|  0%| F|  |TAMS 0x0000000082000000, 0x0000000082000000| Untracked 
|  33|0x0000000082100000, 0x0000000082100000, 0x0000000082200000|  0%| F|  |TAMS 0x0000000082100000, 0x0000000082100000| Untracked 
|  34|0x0000000082200000, 0x0000000082200000, 0x0000000082300000|  0%| F|  |TAMS 0x0000000082200000, 0x0000000082200000| Untracked 
|  35|0x0000000082300000, 0x0000000082300000, 0x0000000082400000|  0%| F|  |TAMS 0x0000000082300000, 0x0000000082300000| Untracked 
|  36|0x0000000082400000, 0x0000000082400000, 0x0000000082500000|  0%| F|  |TAMS 0x0000000082400000, 0x0000000082400000| Untracked 
|  37|0x0000000082500000, 0x0000000082500000, 0x0000000082600000|  0%| F|  |TAMS 0x0000000082500000, 0x0000000082500000| Untracked 
|  38|0x0000000082600000, 0x0000000082600000, 0x0000000082700000|  0%| F|  |TAMS 0x0000000082600000, 0x0000000082600000| Untracked 
|  39|0x0000000082700000, 0x0000000082700000, 0x0000000082800000|  0%| F|  |TAMS 0x0000000082700000, 0x0000000082700000| Untracked 
|  40|0x0000000082800000, 0x0000000082800000, 0x0000000082900000|  0%| F|  |TAMS 0x0000000082800000, 0x0000000082800000| Untracked 
|  41|0x0000000082900000, 0x0000000082900000, 0x0000000082a00000|  0%| F|  |TAMS 0x0000000082900000, 0x0000000082900000| Untracked 
|  42|0x0000000082a00000, 0x0000000082a00000, 0x0000000082b00000|  0%| F|  |TAMS 0x0000000082a00000, 0x0000000082a00000| Untracked 
|  43|0x0000000082b00000, 0x0000000082b00000, 0x0000000082c00000|  0%| F|  |TAMS 0x0000000082b00000, 0x0000000082b00000| Untracked 
|  44|0x0000000082c00000, 0x0000000082c00000, 0x0000000082d00000|  0%| F|  |TAMS 0x0000000082c00000, 0x0000000082c00000| Untracked 
|  45|0x0000000082d00000, 0x0000000082d00000, 0x0000000082e00000|  0%| F|  |TAMS 0x0000000082d00000, 0x0000000082d00000| Untracked 
|  46|0x0000000082e00000, 0x0000000082e00000, 0x0000000082f00000|  0%| F|  |TAMS 0x0000000082e00000, 0x0000000082e00000| Untracked 
|  47|0x0000000082f00000, 0x0000000082f00000, 0x0000000083000000|  0%| F|  |TAMS 0x0000000082f00000, 0x0000000082f00000| Untracked 
|  48|0x0000000083000000, 0x0000000083000000, 0x0000000083100000|  0%| F|  |TAMS 0x0000000083000000, 0x0000000083000000| Untracked 
|  49|0x0000000083100000, 0x0000000083100000, 0x0000000083200000|  0%| F|  |TAMS 0x0000000083100000, 0x0000000083100000| Untracked 
|  50|0x0000000083200000, 0x0000000083200000, 0x0000000083300000|  0%| F|  |TAMS 0x0000000083200000, 0x0000000083200000| Untracked 
|  51|0x0000000083300000, 0x0000000083300000, 0x0000000083400000|  0%| F|  |TAMS 0x0000000083300000, 0x0000000083300000| Untracked 
|  52|0x0000000083400000, 0x0000000083400000, 0x0000000083500000|  0%| F|  |TAMS 0x0000000083400000, 0x0000000083400000| Untracked 
|  53|0x0000000083500000, 0x0000000083500000, 0x0000000083600000|  0%| F|  |TAMS 0x0000000083500000, 0x0000000083500000| Untracked 
|  54|0x0000000083600000, 0x0000000083600000, 0x0000000083700000|  0%| F|  |TAMS 0x0000000083600000, 0x0000000083600000| Untracked 
|  55|0x0000000083700000, 0x0000000083700000, 0x0000000083800000|  0%| F|  |TAMS 0x0000000083700000, 0x0000000083700000| Untracked 
|  56|0x0000000083800000, 0x0000000083800000, 0x0000000083900000|  0%| F|  |TAMS 0x0000000083800000, 0x0000000083800000| Untracked 
|  57|0x0000000083900000, 0x0000000083900000, 0x0000000083a00000|  0%| F|  |TAMS 0x0000000083900000, 0x0000000083900000| Untracked 
|  58|0x0000000083a00000, 0x0000000083a00000, 0x0000000083b00000|  0%| F|  |TAMS 0x0000000083a00000, 0x0000000083a00000| Untracked 
|  59|0x0000000083b00000, 0x0000000083b00000, 0x0000000083c00000|  0%| F|  |TAMS 0x0000000083b00000, 0x0000000083b00000| Untracked 
|  60|0x0000000083c00000, 0x0000000083c00000, 0x0000000083d00000|  0%| F|  |TAMS 0x0000000083c00000, 0x0000000083c00000| Untracked 
|  61|0x0000000083d00000, 0x0000000083d00000, 0x0000000083e00000|  0%| F|  |TAMS 0x0000000083d00000, 0x0000000083d00000| Untracked 
|  62|0x0000000083e00000, 0x0000000083e00000, 0x0000000083f00000|  0%| F|  |TAMS 0x0000000083e00000, 0x0000000083e00000| Untracked 
|  63|0x0000000083f00000, 0x0000000083f00000, 0x0000000084000000|  0%| F|  |TAMS 0x0000000083f00000, 0x0000000083f00000| Untracked 
|  64|0x0000000084000000, 0x0000000084000000, 0x0000000084100000|  0%| F|  |TAMS 0x0000000084000000, 0x0000000084000000| Untracked 
|  65|0x0000000084100000, 0x0000000084100000, 0x0000000084200000|  0%| F|  |TAMS 0x0000000084100000, 0x0000000084100000| Untracked 
|  66|0x0000000084200000, 0x0000000084200000, 0x0000000084300000|  0%| F|  |TAMS 0x0000000084200000, 0x0000000084200000| Untracked 
|  67|0x0000000084300000, 0x0000000084300000, 0x0000000084400000|  0%| F|  |TAMS 0x0000000084300000, 0x0000000084300000| Untracked 
|  68|0x0000000084400000, 0x0000000084400000, 0x0000000084500000|  0%| F|  |TAMS 0x0000000084400000, 0x0000000084400000| Untracked 
|  69|0x0000000084500000, 0x0000000084500000, 0x0000000084600000|  0%| F|  |TAMS 0x0000000084500000, 0x0000000084500000| Untracked 
|  70|0x0000000084600000, 0x0000000084600000, 0x0000000084700000|  0%| F|  |TAMS 0x0000000084600000, 0x0000000084600000| Untracked 
|  71|0x0000000084700000, 0x0000000084700000, 0x0000000084800000|  0%| F|  |TAMS 0x0000000084700000, 0x0000000084700000| Untracked 
|  72|0x0000000084800000, 0x0000000084800000, 0x0000000084900000|  0%| F|  |TAMS 0x0000000084800000, 0x0000000084800000| Untracked 
|  73|0x0000000084900000, 0x0000000084900000, 0x0000000084a00000|  0%| F|  |TAMS 0x0000000084900000, 0x0000000084900000| Untracked 
|  74|0x0000000084a00000, 0x0000000084a00000, 0x0000000084b00000|  0%| F|  |TAMS 0x0000000084a00000, 0x0000000084a00000| Untracked 
|  75|0x0000000084b00000, 0x0000000084b00000, 0x0000000084c00000|  0%| F|  |TAMS 0x0000000084b00000, 0x0000000084b00000| Untracked 
|  76|0x0000000084c00000, 0x0000000084c00000, 0x0000000084d00000|  0%| F|  |TAMS 0x0000000084c00000, 0x0000000084c00000| Untracked 
|  77|0x0000000084d00000, 0x0000000084d00000, 0x0000000084e00000|  0%| F|  |TAMS 0x0000000084d00000, 0x0000000084d00000| Untracked 
|  78|0x0000000084e00000, 0x0000000084e00000, 0x0000000084f00000|  0%| F|  |TAMS 0x0000000084e00000, 0x0000000084e00000| Untracked 
|  79|0x0000000084f00000, 0x0000000084f00000, 0x0000000085000000|  0%| F|  |TAMS 0x0000000084f00000, 0x0000000084f00000| Untracked 
|  80|0x0000000085000000, 0x0000000085000000, 0x0000000085100000|  0%| F|  |TAMS 0x0000000085000000, 0x0000000085000000| Untracked 
|  81|0x0000000085100000, 0x0000000085100000, 0x0000000085200000|  0%| F|  |TAMS 0x0000000085100000, 0x0000000085100000| Untracked 
|  82|0x0000000085200000, 0x0000000085200000, 0x0000000085300000|  0%| F|  |TAMS 0x0000000085200000, 0x0000000085200000| Untracked 
|  83|0x0000000085300000, 0x0000000085300000, 0x0000000085400000|  0%| F|  |TAMS 0x0000000085300000, 0x0000000085300000| Untracked 
|  84|0x0000000085400000, 0x0000000085400000, 0x0000000085500000|  0%| F|  |TAMS 0x0000000085400000, 0x0000000085400000| Untracked 
|  85|0x0000000085500000, 0x0000000085500000, 0x0000000085600000|  0%| F|  |TAMS 0x0000000085500000, 0x0000000085500000| Untracked 
|  86|0x0000000085600000, 0x0000000085600000, 0x0000000085700000|  0%| F|  |TAMS 0x0000000085600000, 0x0000000085600000| Untracked 
|  87|0x0000000085700000, 0x0000000085700000, 0x0000000085800000|  0%| F|  |TAMS 0x0000000085700000, 0x0000000085700000| Untracked 
|  88|0x0000000085800000, 0x0000000085800000, 0x0000000085900000|  0%| F|  |TAMS 0x0000000085800000, 0x0000000085800000| Untracked 
|  89|0x0000000085900000, 0x0000000085900000, 0x0000000085a00000|  0%| F|  |TAMS 0x0000000085900000, 0x0000000085900000| Untracked 
|  90|0x0000000085a00000, 0x0000000085a00000, 0x0000000085b00000|  0%| F|  |TAMS 0x0000000085a00000, 0x0000000085a00000| Untracked 
|  91|0x0000000085b00000, 0x0000000085ba2330, 0x0000000085c00000| 63%| S|CS|TAMS 0x0000000085b00000, 0x0000000085b00000| Complete 
|  92|0x0000000085c00000, 0x0000000085d00000, 0x0000000085d00000|100%| S|CS|TAMS 0x0000000085c00000, 0x0000000085c00000| Complete 
|  93|0x0000000085d00000, 0x0000000085d00000, 0x0000000085e00000|  0%| F|  |TAMS 0x0000000085d00000, 0x0000000085d00000| Untracked 
|  94|0x0000000085e00000, 0x0000000085e00000, 0x0000000085f00000|  0%| F|  |TAMS 0x0000000085e00000, 0x0000000085e00000| Untracked 
|  95|0x0000000085f00000, 0x0000000085f00000, 0x0000000086000000|  0%| F|  |TAMS 0x0000000085f00000, 0x0000000085f00000| Untracked 
|  96|0x0000000086000000, 0x0000000086000000, 0x0000000086100000|  0%| F|  |TAMS 0x0000000086000000, 0x0000000086000000| Untracked 
|  97|0x0000000086100000, 0x0000000086100000, 0x0000000086200000|  0%| F|  |TAMS 0x0000000086100000, 0x0000000086100000| Untracked 
|  98|0x0000000086200000, 0x0000000086200000, 0x0000000086300000|  0%| F|  |TAMS 0x0000000086200000, 0x0000000086200000| Untracked 
|  99|0x0000000086300000, 0x0000000086300000, 0x0000000086400000|  0%| F|  |TAMS 0x0000000086300000, 0x0000000086300000| Untracked 
| 100|0x0000000086400000, 0x0000000086400000, 0x0000000086500000|  0%| F|  |TAMS 0x0000000086400000, 0x0000000086400000| Untracked 
| 101|0x0000000086500000, 0x0000000086500000, 0x0000000086600000|  0%| F|  |TAMS 0x0000000086500000, 0x0000000086500000| Untracked 
| 102|0x0000000086600000, 0x0000000086600000, 0x0000000086700000|  0%| F|  |TAMS 0x0000000086600000, 0x0000000086600000| Untracked 
| 103|0x0000000086700000, 0x0000000086700000, 0x0000000086800000|  0%| F|  |TAMS 0x0000000086700000, 0x0000000086700000| Untracked 
| 104|0x0000000086800000, 0x0000000086800000, 0x0000000086900000|  0%| F|  |TAMS 0x0000000086800000, 0x0000000086800000| Untracked 
| 105|0x0000000086900000, 0x0000000086900000, 0x0000000086a00000|  0%| F|  |TAMS 0x0000000086900000, 0x0000000086900000| Untracked 
| 106|0x0000000086a00000, 0x0000000086a00000, 0x0000000086b00000|  0%| F|  |TAMS 0x0000000086a00000, 0x0000000086a00000| Untracked 
| 107|0x0000000086b00000, 0x0000000086b00000, 0x0000000086c00000|  0%| F|  |TAMS 0x0000000086b00000, 0x0000000086b00000| Untracked 
| 108|0x0000000086c00000, 0x0000000086c00000, 0x0000000086d00000|  0%| F|  |TAMS 0x0000000086c00000, 0x0000000086c00000| Untracked 
| 109|0x0000000086d00000, 0x0000000086d00000, 0x0000000086e00000|  0%| F|  |TAMS 0x0000000086d00000, 0x0000000086d00000| Untracked 
| 110|0x0000000086e00000, 0x0000000086e00000, 0x0000000086f00000|  0%| F|  |TAMS 0x0000000086e00000, 0x0000000086e00000| Untracked 
| 111|0x0000000086f00000, 0x0000000086f00000, 0x0000000087000000|  0%| F|  |TAMS 0x0000000086f00000, 0x0000000086f00000| Untracked 
| 112|0x0000000087000000, 0x0000000087000000, 0x0000000087100000|  0%| F|  |TAMS 0x0000000087000000, 0x0000000087000000| Untracked 
| 113|0x0000000087100000, 0x0000000087100000, 0x0000000087200000|  0%| F|  |TAMS 0x0000000087100000, 0x0000000087100000| Untracked 
| 114|0x0000000087200000, 0x0000000087200000, 0x0000000087300000|  0%| F|  |TAMS 0x0000000087200000, 0x0000000087200000| Untracked 
| 115|0x0000000087300000, 0x0000000087300000, 0x0000000087400000|  0%| F|  |TAMS 0x0000000087300000, 0x0000000087300000| Untracked 
| 116|0x0000000087400000, 0x0000000087480800, 0x0000000087500000| 50%| E|  |TAMS 0x0000000087400000, 0x0000000087400000| Complete 
| 117|0x0000000087500000, 0x0000000087600000, 0x0000000087600000|100%| E|CS|TAMS 0x0000000087500000, 0x0000000087500000| Complete 
| 118|0x0000000087600000, 0x0000000087700000, 0x0000000087700000|100%| E|CS|TAMS 0x0000000087600000, 0x0000000087600000| Complete 
| 119|0x0000000087700000, 0x0000000087800000, 0x0000000087800000|100%| E|CS|TAMS 0x0000000087700000, 0x0000000087700000| Complete 
| 120|0x0000000087800000, 0x0000000087900000, 0x0000000087900000|100%| E|CS|TAMS 0x0000000087800000, 0x0000000087800000| Complete 
| 121|0x0000000087900000, 0x0000000087a00000, 0x0000000087a00000|100%| E|CS|TAMS 0x0000000087900000, 0x0000000087900000| Complete 
| 122|0x0000000087a00000, 0x0000000087b00000, 0x0000000087b00000|100%| E|CS|TAMS 0x0000000087a00000, 0x0000000087a00000| Complete 
| 123|0x0000000087b00000, 0x0000000087c00000, 0x0000000087c00000|100%| E|CS|TAMS 0x0000000087b00000, 0x0000000087b00000| Complete 
| 124|0x0000000087c00000, 0x0000000087d00000, 0x0000000087d00000|100%| E|CS|TAMS 0x0000000087c00000, 0x0000000087c00000| Complete 
| 125|0x0000000087d00000, 0x0000000087e00000, 0x0000000087e00000|100%| E|CS|TAMS 0x0000000087d00000, 0x0000000087d00000| Complete 
| 126|0x0000000087e00000, 0x0000000087f00000, 0x0000000087f00000|100%| E|CS|TAMS 0x0000000087e00000, 0x0000000087e00000| Complete 
| 127|0x0000000087f00000, 0x0000000088000000, 0x0000000088000000|100%| E|CS|TAMS 0x0000000087f00000, 0x0000000087f00000| Complete 

Card table byte_map: [0x000002189b6a0000,0x000002189baa0000] _byte_map_base: 0x000002189b2a0000

Marking Bits (Prev, Next): (CMBitMap*) 0x00000218887bcec0, (CMBitMap*) 0x00000218887bce88
 Prev Bits: [0x000002189dea0000, 0x000002189fea0000)
 Next Bits: [0x000002189bea0000, 0x000002189dea0000)

Polling page: 0x0000021886630000

Metaspace:

Usage:
  Non-class:     19.41 MB capacity,    19.10 MB ( 98%) used,   284.77 KB (  1%) free+waste,    39.63 KB ( <1%) overhead. 
      Class:      2.88 MB capacity,     2.69 MB ( 94%) used,   171.80 KB (  6%) free+waste,    19.56 KB ( <1%) overhead. 
       Both:     22.29 MB capacity,    21.79 MB ( 98%) used,   456.58 KB (  2%) free+waste,    59.19 KB ( <1%) overhead. 

Virtual space:
  Non-class space:       20.00 MB reserved,      19.67 MB ( 98%) committed 
      Class space:        1.00 GB reserved,       3.00 MB ( <1%) committed 
             Both:        1.02 GB reserved,      22.67 MB (  2%) committed 

Chunk freelists:
   Non-Class:  25.00 KB
       Class:  27.00 KB
        Both:  52.00 KB

MaxMetaspaceSize: 17179869184.00 GB
CompressedClassSpaceSize: 1.00 GB
Initial GC threshold: 20.80 MB
Current GC threshold: 34.87 MB
CDS: off

CodeHeap 'non-profiled nmethods': size=120064Kb used=1031Kb max_used=1031Kb free=119033Kb
 bounds [0x0000021893d60000, 0x0000021893fd0000, 0x000002189b2a0000]
CodeHeap 'profiled nmethods': size=120000Kb used=4455Kb max_used=4455Kb free=115544Kb
 bounds [0x000002188c830000, 0x000002188cc90000, 0x0000021893d60000]
CodeHeap 'non-nmethods': size=5696Kb used=1209Kb max_used=1224Kb free=4487Kb
 bounds [0x000002188c2a0000, 0x000002188c510000, 0x000002188c830000]
 total_blobs=2541 nmethods=2059 adapters=394
 compilation: enabled
              stopped_count=0, restarted_count=0
 full_count=0

Compilation events (20 events):
Event: 12.797 Thread 0x00000218a23b2800 2047       3       java.lang.invoke.DirectMethodHandle::preparedLambdaForm (31 bytes)
Event: 12.798 Thread 0x00000218a23b2800 nmethod 2047 0x000002188cc78410 code [0x000002188cc78600, 0x000002188cc78828]
Event: 12.808 Thread 0x00000218a23b2800 2050       1       java.lang.invoke.MethodHandleNatives::isPullModeBSM (2 bytes)
Event: 12.808 Thread 0x00000218a23b2800 nmethod 2050 0x0000021893e61010 code [0x0000021893e611c0, 0x0000021893e61258]
Event: 12.808 Thread 0x00000218a23b2800 2051       3       jdk.internal.org.objectweb.asm.MethodWriter::visitEnd (1 bytes)
Event: 12.808 Thread 0x00000218a23b2800 nmethod 2051 0x000002188cc78990 code [0x000002188cc78b40, 0x000002188cc78c38]
Event: 12.808 Thread 0x00000218a23b2800 2052       3       jdk.internal.org.objectweb.asm.MethodWriter::getSize (838 bytes)
Event: 12.812 Thread 0x00000218a23b2800 nmethod 2052 0x000002188cc78d10 code [0x000002188cc791c0, 0x000002188cc7b0a8]
Event: 12.812 Thread 0x00000218a23b2800 2055       3       sun.security.provider.MD5::FF (33 bytes)
Event: 12.813 Thread 0x00000218a23b2800 nmethod 2055 0x000002188cc7be90 code [0x000002188cc7c040, 0x000002188cc7c158]
Event: 12.813 Thread 0x00000218a23b2800 2056       3       sun.security.provider.MD5::GG (33 bytes)
Event: 12.813 Thread 0x00000218a23b2800 nmethod 2056 0x000002188cc7c210 code [0x000002188cc7c3c0, 0x000002188cc7c4d8]
Event: 12.813 Thread 0x00000218a23b2800 2057       3       sun.security.provider.MD5::HH (29 bytes)
Event: 12.813 Thread 0x00000218a23b2800 nmethod 2057 0x000002188cc7c590 code [0x000002188cc7c740, 0x000002188cc7c858]
Event: 12.813 Thread 0x00000218a23b2800 2053       3       jdk.internal.org.objectweb.asm.MethodWriter::put (1602 bytes)
Event: 12.821 Thread 0x00000218a23b2800 nmethod 2053 0x000002188cc7c910 code [0x000002188cc7d200, 0x000002188cc805b8]
Event: 12.821 Thread 0x00000218a23b2800 2054       3       java.lang.invoke.ConstantCallSite::getTarget (20 bytes)
Event: 12.821 Thread 0x00000218a23b2800 nmethod 2054 0x000002188cc81c10 code [0x000002188cc81de0, 0x000002188cc81fe8]
Event: 12.821 Thread 0x00000218a23b2800 2058       3       java.lang.StringBuilder::append (8 bytes)
Event: 12.821 Thread 0x00000218a23b2800 nmethod 2058 0x000002188cc82110 code [0x000002188cc822c0, 0x000002188cc82408]

GC Heap History (6 events):
Event: 1.648 GC heap before
{Heap before GC invocations=0 (full 0):
 garbage-first heap   total 131072K, used 16384K [0x0000000080000000, 0x0000000100000000)
  region size 1024K, 14 young (14336K), 0 survivors (0K)
 Metaspace       used 6745K, capacity 6993K, committed 7168K, reserved 1056768K
  class space    used 572K, capacity 650K, committed 768K, reserved 1048576K
}
Event: 1.654 GC heap after
{Heap after GC invocations=1 (full 0):
 garbage-first heap   total 131072K, used 4437K [0x0000000080000000, 0x0000000100000000)
  region size 1024K, 2 young (2048K), 2 survivors (2048K)
 Metaspace       used 6745K, capacity 6993K, committed 7168K, reserved 1056768K
  class space    used 572K, capacity 650K, committed 768K, reserved 1048576K
}
Event: 10.011 GC heap before
{Heap before GC invocations=1 (full 0):
 garbage-first heap   total 131072K, used 83285K [0x0000000080000000, 0x0000000100000000)
  region size 1024K, 76 young (77824K), 2 survivors (2048K)
 Metaspace       used 16548K, capacity 16913K, committed 17152K, reserved 1064960K
  class space    used 1864K, capacity 2002K, committed 2048K, reserved 1048576K
}
Event: 10.047 GC heap after
{Heap after GC invocations=2 (full 0):
 garbage-first heap   total 131072K, used 15437K [0x0000000080000000, 0x0000000100000000)
  region size 1024K, 10 young (10240K), 10 survivors (10240K)
 Metaspace       used 16548K, capacity 16913K, committed 17152K, reserved 1064960K
  class space    used 1864K, capacity 2002K, committed 2048K, reserved 1048576K
}
Event: 12.503 GC heap before
{Heap before GC invocations=2 (full 0):
 garbage-first heap   total 131072K, used 50253K [0x0000000080000000, 0x0000000100000000)
  region size 1024K, 45 young (46080K), 10 survivors (10240K)
 Metaspace       used 20766K, capacity 21157K, committed 21296K, reserved 1069056K
  class space    used 2509K, capacity 2663K, committed 2688K, reserved 1048576K
}
Event: 12.521 GC heap after
{Heap after GC invocations=3 (full 0):
 garbage-first heap   total 131072K, used 16746K [0x0000000080000000, 0x0000000100000000)
  region size 1024K, 2 young (2048K), 2 survivors (2048K)
 Metaspace       used 20766K, capacity 21157K, committed 21296K, reserved 1069056K
  class space    used 2509K, capacity 2663K, committed 2688K, reserved 1048576K
}

Deoptimization events (20 events):
Event: 12.565 Thread 0x00000218a3aca800 Uncommon trap: trap_request=0xffffff4d fr.pc=0x0000021893d7c3d4 relative=0x00000000000009b4
Event: 12.565 Thread 0x00000218a3aca800 Uncommon trap: reason=unstable_if action=reinterpret pc=0x0000021893d7c3d4 method=java.io.WinNTFileSystem.resolve(Ljava/lang/String;Ljava/lang/String;)Ljava/lang/String; @ 19 c2
Event: 12.565 Thread 0x00000218a3aca800 DEOPT PACKING pc=0x0000021893d7c3d4 sp=0x000000adf6cfaff0
Event: 12.565 Thread 0x00000218a3aca800 DEOPT UNPACKING pc=0x000002188c2ea1af sp=0x000000adf6cfaf88 mode 2
Event: 12.566 Thread 0x00000218a3aca800 Uncommon trap: trap_request=0xffffffc6 fr.pc=0x0000021893ddce24 relative=0x0000000000000084
Event: 12.566 Thread 0x00000218a3aca800 Uncommon trap: reason=bimorphic_or_optimized_type_check action=maybe_recompile pc=0x0000021893ddce24 method=java.util.AbstractList$Itr.hasNext()Z @ 8 c2
Event: 12.566 Thread 0x00000218a3aca800 DEOPT PACKING pc=0x0000021893ddce24 sp=0x000000adf6cfa5b0
Event: 12.566 Thread 0x00000218a3aca800 DEOPT UNPACKING pc=0x000002188c2ea1af sp=0x000000adf6cfa548 mode 2
Event: 12.566 Thread 0x00000218a3aca800 Uncommon trap: trap_request=0xffffffc6 fr.pc=0x0000021893ddd1d4 relative=0x0000000000000114
Event: 12.566 Thread 0x00000218a3aca800 Uncommon trap: reason=bimorphic_or_optimized_type_check action=maybe_recompile pc=0x0000021893ddd1d4 method=java.util.AbstractList$Itr.next()Ljava/lang/Object; @ 14 c2
Event: 12.566 Thread 0x00000218a3aca800 DEOPT PACKING pc=0x0000021893ddd1d4 sp=0x000000adf6cfa5a0
Event: 12.566 Thread 0x00000218a3aca800 DEOPT UNPACKING pc=0x000002188c2ea1af sp=0x000000adf6cfa538 mode 2
Event: 12.568 Thread 0x00000218a3aca800 Uncommon trap: trap_request=0xffffff4d fr.pc=0x0000021893dd8788 relative=0x0000000000000648
Event: 12.568 Thread 0x00000218a3aca800 Uncommon trap: reason=unstable_if action=reinterpret pc=0x0000021893dd8788 method=java.io.File.getName()Ljava/lang/String; @ 16 c2
Event: 12.568 Thread 0x00000218a3aca800 DEOPT PACKING pc=0x0000021893dd8788 sp=0x000000adf6cfaf80
Event: 12.568 Thread 0x00000218a3aca800 DEOPT UNPACKING pc=0x000002188c2ea1af sp=0x000000adf6cfaf50 mode 2
Event: 12.568 Thread 0x00000218a3aca800 Uncommon trap: trap_request=0xffffff4d fr.pc=0x0000021893dd6ab0 relative=0x00000000000004f0
Event: 12.568 Thread 0x00000218a3aca800 Uncommon trap: reason=unstable_if action=reinterpret pc=0x0000021893dd6ab0 method=java.lang.String.substring(I)Ljava/lang/String; @ 34 c2
Event: 12.568 Thread 0x00000218a3aca800 DEOPT PACKING pc=0x0000021893dd6ab0 sp=0x000000adf6cfaf00
Event: 12.568 Thread 0x00000218a3aca800 DEOPT UNPACKING pc=0x000002188c2ea1af sp=0x000000adf6cfaed8 mode 2

Classes redefined (0 events):
No events

Internal exceptions (20 events):
Event: 1.996 Thread 0x000002188877c800 Exception <a 'java/lang/NoSuchMethodError'{0x0000000087bcf240}: 'void java.lang.invoke.DelegatingMethodHandle$Holder.delegate(java.lang.Object, java.lang.Object, int, java.lang.Object)'> (0x0000000087bcf240) thrown at [./src/hotspot/share/interpreter/linkResolver.cpp, line 773]
Event: 5.235 Thread 0x000002188877c800 Exception <a 'java/security/PrivilegedActionException'{0x00000000850aef18}> (0x00000000850aef18) thrown at [./src/hotspot/share/prims/jvm.cpp, line 1306]
Event: 5.235 Thread 0x000002188877c800 Exception <a 'java/security/PrivilegedActionException'{0x00000000850af490}> (0x00000000850af490) thrown at [./src/hotspot/share/prims/jvm.cpp, line 1306]
Event: 6.392 Thread 0x000002188877c800 Exception <a 'java/lang/NoSuchMethodError'{0x0000000083e17de0}: 'java.lang.Object java.lang.invoke.DirectMethodHandle$Holder.invokeStaticInit(java.lang.Object, java.lang.Object, java.lang.Object)'> (0x0000000083e17de0) thrown at [./src/hotspot/share/interpreter/linkResolver.cpp, line 773]
Event: 6.937 Thread 0x000002188877c800 Exception <a 'java/lang/NoSuchMethodError'{0x000000008389a3d8}: 'java.lang.Object java.lang.invoke.DirectMethodHandle$Holder.invokeStaticInit(java.lang.Object, int, int, int, int)'> (0x000000008389a3d8) thrown at [./src/hotspot/share/interpreter/linkResolver.cpp, line 773]
Event: 7.722 Thread 0x000002188877c800 Exception <a 'java/lang/NoSuchMethodError'{0x00000000838e6028}: 'java.lang.Object java.lang.invoke.DirectMethodHandle$Holder.invokeStaticInit(java.lang.Object, java.lang.Object, int, int, int, int)'> (0x00000000838e6028) thrown at [./src/hotspot/share/interpreter/linkResolver.cpp, line 773]
Event: 9.922 Thread 0x000002188877c800 Exception <a 'java/io/IOException'{0x00000000836d7d18}> (0x00000000836d7d18) thrown at [./src/hotspot/share/prims/jni.cpp, line 616]
Event: 11.469 Thread 0x00000218a539e800 Exception <a 'java/lang/NoSuchMethodError'{0x0000000087e22530}: <clinit>> (0x0000000087e22530) thrown at [./src/hotspot/share/prims/jni.cpp, line 1366]
Event: 11.473 Thread 0x00000218a539e800 Exception <a 'java/lang/NoSuchMethodError'{0x0000000087e3a2f0}: <clinit>> (0x0000000087e3a2f0) thrown at [./src/hotspot/share/prims/jni.cpp, line 1366]
Event: 11.475 Thread 0x00000218a539e800 Exception <a 'java/lang/NoSuchMethodError'{0x0000000087e43cb8}: <clinit>> (0x0000000087e43cb8) thrown at [./src/hotspot/share/prims/jni.cpp, line 1366]
Event: 11.479 Thread 0x00000218a539e800 Exception <a 'java/lang/NoSuchMethodError'{0x0000000087e59010}: <clinit>> (0x0000000087e59010) thrown at [./src/hotspot/share/prims/jni.cpp, line 1366]
Event: 11.627 Thread 0x00000218a3aca800 Exception <a 'java/lang/NoSuchMethodError'{0x0000000087a2e3a8}: 'long java.lang.invoke.DirectMethodHandle$Holder.invokeInterface(java.lang.Object, java.lang.Object)'> (0x0000000087a2e3a8) thrown at [./src/hotspot/share/interpreter/linkResolver.cpp, line 773]
Event: 11.630 Thread 0x00000218a3aca800 Exception <a 'java/lang/NoSuchMethodError'{0x0000000087a3b448}: 'void java.lang.invoke.DelegatingMethodHandle$Holder.reinvoke_L(java.lang.Object, java.lang.Object, java.lang.Object, java.lang.Object, java.lang.Object, java.lang.Object, java.lang.Object)'> (0x0000000087a3b448) thrown at [./src/hotspot/share/interpreter/linkResolver.cpp, line 773]
Event: 12.374 Thread 0x00000218a3aca800 Exception <a 'java/lang/NoSuchMethodError'{0x00000000861a7048}: 'void java.lang.invoke.DirectMethodHandle$Holder.invokeStaticInit(java.lang.Object)'> (0x00000000861a7048) thrown at [./src/hotspot/share/interpreter/linkResolver.cpp, line 773]
Event: 12.397 Thread 0x00000218a3aca800 Exception <a 'java/lang/NoSuchMethodError'{0x00000000860547d0}: 'java.lang.Object java.lang.invoke.DirectMethodHandle$Holder.invokeStatic(java.lang.Object, java.lang.Object, java.lang.Object, int)'> (0x00000000860547d0) thrown at [./src/hotspot/share/interpreter/linkResolver.cpp, line 773]
Event: 12.398 Thread 0x00000218a3aca800 Exception <a 'java/lang/NoSuchMethodError'{0x0000000086058ee8}: 'java.lang.Object java.lang.invoke.DirectMethodHandle$Holder.invokeSpecial(java.lang.Object, java.lang.Object, java.lang.Object, java.lang.Object, int)'> (0x0000000086058ee8) thrown at [./src/hotspot/share/interpreter/linkResolver.cpp, line 773]
Event: 12.398 Thread 0x00000218a3aca800 Exception <a 'java/lang/NoSuchMethodError'{0x000000008605ce20}: 'java.lang.Object java.lang.invoke.Invokers$Holder.linkToTargetMethod(java.lang.Object, java.lang.Object, int, java.lang.Object)'> (0x000000008605ce20) thrown at [./src/hotspot/share/interpreter/linkResolver.cpp, line 773]
Event: 12.717 Thread 0x00000218a3aca800 Exception <a 'java/lang/NoSuchMethodError'{0x0000000087cf03a0}: 'int java.lang.invoke.DirectMethodHandle$Holder.invokeSpecialIFC(java.lang.Object, java.lang.Object, java.lang.Object, java.lang.Object)'> (0x0000000087cf03a0) thrown at [./src/hotspot/share/interpreter/linkResolver.cpp, line 773]
Event: 12.721 Thread 0x00000218a3aca800 Exception <a 'java/lang/NoSuchMethodError'{0x0000000087cfe358}: 'java.lang.Object java.lang.invoke.DirectMethodHandle$Holder.invokeInterface(java.lang.Object, java.lang.Object, java.lang.Object)'> (0x0000000087cfe358) thrown at [./src/hotspot/share/interpreter/linkResolver.cpp, line 773]
Event: 12.721 Thread 0x00000218a3aca800 Exception <a 'java/lang/IncompatibleClassChangeError'{0x0000000087b01d38}: Found class java.lang.Object, but interface was expected> (0x0000000087b01d38) thrown at [./src/hotspot/share/interpreter/linkResolver.cpp, line 839]

Events (20 events):
Event: 12.844 loading class org/gradle/internal/snapshot/impl/IsolationException
Event: 12.844 loading class org/gradle/internal/snapshot/impl/IsolationException done
Event: 12.844 loading class org/gradle/internal/snapshot/impl/DefaultIsolatableFactory$IsolatableVisitor
Event: 12.844 loading class org/gradle/internal/snapshot/impl/DefaultIsolatableFactory$IsolatableVisitor done
Event: 12.845 loading class org/gradle/internal/isolation/Isolatable
Event: 12.845 loading class org/gradle/internal/isolation/Isolatable done
Event: 12.846 loading class org/gradle/internal/hash/Hashable
Event: 12.846 loading class org/gradle/internal/hash/Hashable done
Event: 12.847 loading class org/gradle/api/internal/attributes/AttributeContainerInternal
Event: 12.847 loading class org/gradle/api/internal/attributes/AttributeContainerInternal done
Event: 12.847 loading class org/gradle/api/attributes/AttributeContainer
Event: 12.847 loading class org/gradle/api/attributes/AttributeContainer done
Event: 12.848 loading class org/gradle/api/attributes/HasAttributes
Event: 12.848 loading class org/gradle/api/attributes/HasAttributes done
Event: 12.848 loading class org/gradle/api/internal/attributes/AttributeMergingException
Event: 12.848 loading class org/gradle/api/internal/attributes/AttributeMergingException done
Event: 12.849 loading class org/gradle/api/internal/attributes/ImmutableAttributes
Event: 12.849 loading class org/gradle/api/internal/attributes/ImmutableAttributes done
Event: 12.849 loading class org/gradle/api/internal/attributes/DefaultImmutableAttributes
Event: 12.849 loading class org/gradle/api/internal/attributes/DefaultImmutableAttributes done


Dynamic libraries:
0x00007ff6f4b90000 - 0x00007ff6f4b9a000 	C:\Program Files\Android\Android Studio\jre\bin\java.exe
0x00007ffab13f0000 - 0x00007ffab15e8000 	C:\Windows\SYSTEM32\ntdll.dll
0x00007ffab0790000 - 0x00007ffab084f000 	C:\Windows\System32\KERNEL32.DLL
0x00007ffaaeec0000 - 0x00007ffaaf19a000 	C:\Windows\System32\KERNELBASE.dll
0x00007ffaaf2d0000 - 0x00007ffaaf3d0000 	C:\Windows\System32\ucrtbase.dll
0x00007ffa982f0000 - 0x00007ffa98309000 	C:\Program Files\Android\Android Studio\jre\bin\jli.dll
0x00007ffaaf760000 - 0x00007ffaaf8fd000 	C:\Windows\System32\USER32.dll
0x00007ffaaf420000 - 0x00007ffaaf442000 	C:\Windows\System32\win32u.dll
0x00007ffaaf5d0000 - 0x00007ffaaf5fb000 	C:\Windows\System32\GDI32.dll
0x00007ffaaeb00000 - 0x00007ffaaec10000 	C:\Windows\System32\gdi32full.dll
0x00007ffaaf1a0000 - 0x00007ffaaf23d000 	C:\Windows\System32\msvcp_win.dll
0x00007ffa95130000 - 0x00007ffa95147000 	C:\Program Files\Android\Android Studio\jre\bin\VCRUNTIME140.dll
0x00007ffaa0480000 - 0x00007ffaa071a000 	C:\Windows\WinSxS\amd64_microsoft.windows.common-controls_6595b64144ccf1df_6.0.19041.1110_none_60b5254171f9507e\COMCTL32.dll
0x00007ffaafa30000 - 0x00007ffaaface000 	C:\Windows\System32\msvcrt.dll
0x00007ffaaf530000 - 0x00007ffaaf560000 	C:\Windows\System32\IMM32.DLL
0x00007ffa5dc60000 - 0x00007ffa5dcfd000 	C:\Program Files\Android\Android Studio\jre\bin\msvcp140.dll
0x00007ffa4eb70000 - 0x00007ffa4f672000 	C:\Program Files\Android\Android Studio\jre\bin\server\jvm.dll
0x00007ffaaf600000 - 0x00007ffaaf6ae000 	C:\Windows\System32\ADVAPI32.dll
0x00007ffab0900000 - 0x00007ffab099c000 	C:\Windows\System32\sechost.dll
0x00007ffaafc80000 - 0x00007ffaafda6000 	C:\Windows\System32\RPCRT4.dll
0x00007ffaafa20000 - 0x00007ffaafa28000 	C:\Windows\System32\PSAPI.DLL
0x00007ffaa77c0000 - 0x00007ffaa77c9000 	C:\Windows\SYSTEM32\WSOCK32.dll
0x00007ffaaf560000 - 0x00007ffaaf5cb000 	C:\Windows\System32\WS2_32.dll
0x00007ffa9b500000 - 0x00007ffa9b527000 	C:\Windows\SYSTEM32\WINMM.dll
0x00007ffa9f020000 - 0x00007ffa9f02a000 	C:\Windows\SYSTEM32\VERSION.dll
0x00007ffaac9c0000 - 0x00007ffaac9d2000 	C:\Windows\SYSTEM32\kernel.appcore.dll
0x00007ffa55100000 - 0x00007ffa55111000 	C:\Program Files\Android\Android Studio\jre\bin\verify.dll
0x00007ffaa8960000 - 0x00007ffaa8b44000 	C:\Windows\SYSTEM32\DBGHELP.DLL
0x00007ffa9d100000 - 0x00007ffa9d134000 	C:\Windows\SYSTEM32\dbgcore.DLL
0x00007ffaaf240000 - 0x00007ffaaf2c2000 	C:\Windows\System32\bcryptPrimitives.dll
0x00007ffa550d0000 - 0x00007ffa550f9000 	C:\Program Files\Android\Android Studio\jre\bin\java.dll
0x00007ffa68c40000 - 0x00007ffa68c4b000 	C:\Program Files\Android\Android Studio\jre\bin\jimage.dll
0x00007ffa550b0000 - 0x00007ffa550c8000 	C:\Program Files\Android\Android Studio\jre\bin\zip.dll
0x00007ffab0c60000 - 0x00007ffab13a4000 	C:\Windows\System32\SHELL32.dll
0x00007ffaacbc0000 - 0x00007ffaad353000 	C:\Windows\SYSTEM32\windows.storage.dll
0x00007ffab0430000 - 0x00007ffab0784000 	C:\Windows\System32\combase.dll
0x00007ffaae560000 - 0x00007ffaae58e000 	C:\Windows\SYSTEM32\Wldp.dll
0x00007ffab09a0000 - 0x00007ffab0a4d000 	C:\Windows\System32\SHCORE.dll
0x00007ffaaf4d0000 - 0x00007ffaaf525000 	C:\Windows\System32\shlwapi.dll
0x00007ffaaea40000 - 0x00007ffaaea5f000 	C:\Windows\SYSTEM32\profapi.dll
0x00007ffa55090000 - 0x00007ffa550aa000 	C:\Program Files\Android\Android Studio\jre\bin\net.dll
0x00007ffaa3a50000 - 0x00007ffaa3b5a000 	C:\Windows\SYSTEM32\WINHTTP.dll
0x00007ffaae2c0000 - 0x00007ffaae32a000 	C:\Windows\system32\mswsock.dll
0x00007ffa55070000 - 0x00007ffa55084000 	C:\Program Files\Android\Android Studio\jre\bin\nio.dll
0x00007ffa9f8c0000 - 0x00007ffa9f8e7000 	C:\Users\Jahad\.gradle\native\e1d6ef7f7dcc3fd88c89a11ec53ec762bb8ba0a96d01ffa2cd45eb1d1d8dd5c5\windows-amd64\native-platform.dll
0x00007ffa66db0000 - 0x00007ffa66ef4000 	C:\Users\Jahad\.gradle\native\0d407fdbe67a94daf76414ababcb853783967236a71b16ec16e742cd7a986fd3\windows-amd64\native-platform-file-events.dll
0x00007ffaa9e20000 - 0x00007ffaa9e2a000 	C:\Program Files\Android\Android Studio\jre\bin\management.dll
0x00007ffaa9e10000 - 0x00007ffaa9e1d000 	C:\Program Files\Android\Android Studio\jre\bin\management_ext.dll
0x00007ffaae4b0000 - 0x00007ffaae4c8000 	C:\Windows\SYSTEM32\CRYPTSP.dll
0x00007ffaadb70000 - 0x00007ffaadba4000 	C:\Windows\system32\rsaenh.dll
0x00007ffaaec10000 - 0x00007ffaaec37000 	C:\Windows\System32\bcrypt.dll
0x00007ffaae9c0000 - 0x00007ffaae9ee000 	C:\Windows\SYSTEM32\USERENV.dll
0x00007ffaae4d0000 - 0x00007ffaae4dc000 	C:\Windows\SYSTEM32\CRYPTBASE.dll
0x00007ffaadf60000 - 0x00007ffaadf9c000 	C:\Windows\SYSTEM32\IPHLPAPI.DLL
0x00007ffab08f0000 - 0x00007ffab08f8000 	C:\Windows\System32\NSI.dll
0x00007ffaa7570000 - 0x00007ffaa7587000 	C:\Windows\SYSTEM32\dhcpcsvc6.DLL
0x00007ffaa87d0000 - 0x00007ffaa87ed000 	C:\Windows\SYSTEM32\dhcpcsvc.DLL
0x00007ffaadfb0000 - 0x00007ffaae07b000 	C:\Windows\SYSTEM32\DNSAPI.dll

dbghelp: loaded successfully - version: 4.0.5 - missing functions: none
symbol engine: initialized successfully - sym options: 0x614 - pdb path: .;C:\Program Files\Android\Android Studio\jre\bin;C:\Windows\SYSTEM32;C:\Windows\WinSxS\amd64_microsoft.windows.common-controls_6595b64144ccf1df_6.0.19041.1110_none_60b5254171f9507e;C:\Program Files\Android\Android Studio\jre\bin\server;C:\Users\Jahad\.gradle\native\e1d6ef7f7dcc3fd88c89a11ec53ec762bb8ba0a96d01ffa2cd45eb1d1d8dd5c5\windows-amd64;C:\Users\Jahad\.gradle\native\0d407fdbe67a94daf76414ababcb853783967236a71b16ec16e742cd7a986fd3\windows-amd64

VM Arguments:
jvm_args: --add-opens=java.base/java.util=ALL-UNNAMED --add-opens=java.base/java.lang=ALL-UNNAMED --add-opens=java.base/java.lang.invoke=ALL-UNNAMED --add-opens=java.base/java.util=ALL-UNNAMED --add-opens=java.prefs/java.util.prefs=ALL-UNNAMED --add-opens=java.prefs/java.util.prefs=ALL-UNNAMED --add-opens=java.base/java.nio.charset=ALL-UNNAMED --add-opens=java.base/java.net=ALL-UNNAMED --add-opens=java.base/java.util.concurrent.atomic=ALL-UNNAMED -Xmx2048m -Dfile.encoding=UTF-8 -Duser.country=US -Duser.language=en -Duser.variant 
java_command: org.gradle.launcher.daemon.bootstrap.GradleDaemon 7.4
java_class_path (initial): C:\Users\Jahad\.gradle\wrapper\dists\gradle-7.4-bin\c0gwcg53nkjbqw7r0h0umtfvt\gradle-7.4\lib\gradle-launcher-7.4.jar
Launcher Type: SUN_STANDARD

[Global flags]
     intx CICompilerCount                          = 3                                         {product} {ergonomic}
     uint ConcGCThreads                            = 1                                         {product} {ergonomic}
     uint G1ConcRefinementThreads                  = 4                                         {product} {ergonomic}
   size_t G1HeapRegionSize                         = 1048576                                   {product} {ergonomic}
    uintx GCDrainStackTargetSize                   = 64                                        {product} {ergonomic}
   size_t InitialHeapSize                          = 134217728                                 {product} {ergonomic}
   size_t MarkStackSize                            = 4194304                                   {product} {ergonomic}
   size_t MaxHeapSize                              = 2147483648                                {product} {command line}
   size_t MaxNewSize                               = 1287651328                                {product} {ergonomic}
   size_t MinHeapDeltaBytes                        = 1048576                                   {product} {ergonomic}
    uintx NonNMethodCodeHeapSize                   = 5830732                                {pd product} {ergonomic}
    uintx NonProfiledCodeHeapSize                  = 122913754                              {pd product} {ergonomic}
    uintx ProfiledCodeHeapSize                     = 122913754                              {pd product} {ergonomic}
    uintx ReservedCodeCacheSize                    = 251658240                              {pd product} {ergonomic}
     bool SegmentedCodeCache                       = true                                      {product} {ergonomic}
     bool UseCompressedClassPointers               = true                                 {lp64_product} {ergonomic}
     bool UseCompressedOops                        = true                                 {lp64_product} {ergonomic}
     bool UseG1GC                                  = true                                      {product} {ergonomic}
     bool UseLargePagesIndividualAllocation        = false                                  {pd product} {ergonomic}

Logging:
Log output configuration:
 #0: stdout all=warning uptime,level,tags
 #1: stderr all=off uptime,level,tags

Environment Variables:
JAVA_HOME=D:\android\jdk
PATH=C:\Program Files\Common Files\Oracle\Java\javapath;C:\Program Files (x86)\Common Files\Oracle\Java\javapath;C:\Windows\system32;C:\Windows;C:\Windows\System32\Wbem;C:\Windows\System32\WindowsPowerShell\v1.0\;C:\Windows\System32\OpenSSH\;D:\android\jdk\bin;D:\android\Git\cmd;C:\Users\Jahad\AppData\Local\Microsoft\WindowsApps;document\Android Development;C:\Users\Jahad\Documents\Android_Developing;C:\Users\Jahad\AppData\Local\Programs\Microsoft VS Code\bin;C:\Users\Jahad\AppData\Local\JetBrains\Toolbox\scripts;
USERNAME=Jahad
OS=Windows_NT
PROCESSOR_IDENTIFIER=Intel64 Family 6 Model 42 Stepping 7, GenuineIntel



---------------  S Y S T E M  ---------------

OS: Windows 10 , 64 bit Build 19041 (10.0.19041.2788)
OS uptime: 0 days 0:03 hours

CPU:total 4 (initial active 4) (2 cores per cpu, 2 threads per core) family 6 model 42 stepping 7 microcode 0x2f, cmov, cx8, fxsr, mmx, sse, sse2, sse3, ssse3, sse4.1, sse4.2, popcnt, avx, aes, clmul, ht, tsc, tscinvbit

Memory: 4k page, system-wide physical 8075M (2078M free)
TotalPageFile size 13195M (AvailPageFile size 7370M)
current process WorkingSet (physical memory assigned to process): 199M, peak: 199M
current process commit charge ("private bytes"): 258M, peak: 258M

vm_info: OpenJDK 64-Bit Server VM (11.0.13+0-b1751.21-8125866) for windows-amd64 JRE (11.0.13+0-b1751.21-8125866), built on Feb  2 2022 03:00:22 by "builder" with MS VC++ 14.0 (VS2015)

END.
